<?xml version="1.0" encoding="UTF-8"?>
<!-- Generated by org.testng.reporters.JUnitReportReporter -->
<testsuite skipped="0" hostname="KKSS" name="pkg1.exLocal" tests="3" failures="0" timestamp="11 Jul 2018 10:19:02 GMT" time="30.504" errors="0">
  <testcase name="openURL" time="1.757" classname="pkg1.exLocal"/>
  <testcase name="clickNextPage" time="3.253" classname="pkg1.exLocal"/>
  <testcase name="adCount" time="25.494" classname="pkg1.exLocal"/>
</testsuite> <!-- pkg1.exLocal -->
