<?xml version="1.0" encoding="UTF-8"?>
<!-- Generated by org.testng.reporters.JUnitReportReporter -->
<testsuite skipped="0" hostname="KKSS" name="pkg1.MainTestIkman" tests="1" failures="0" timestamp="13 Jul 2018 00:29:11 GMT" time="51.865" errors="0">
  <testcase name="testIkman" time="51.865" classname="pkg1.MainTestIkman"/>
</testsuite> <!-- pkg1.MainTestIkman -->
