<?xml version="1.0" encoding="UTF-8"?>
<!-- Generated by org.testng.reporters.JUnitReportReporter -->
<testsuite skipped="0" hostname="KKSS" name="pkg1.Exercise1" tests="8" failures="0" timestamp="13 Jul 2018 01:37:14 GMT" time="66.785" errors="0">
  <testcase name="openURL" time="4.683" classname="pkg1.Exercise1"/>
  <testcase name="clickProperty" time="5.164" classname="pkg1.Exercise1"/>
  <testcase name="clickHouses" time="4.048" classname="pkg1.Exercise1"/>
  <testcase name="clickDistrict" time="1.580" classname="pkg1.Exercise1"/>
  <testcase name="setMinMax" time="6.020" classname="pkg1.Exercise1"/>
  <testcase name="clickApply" time="1.648" classname="pkg1.Exercise1"/>
  <testcase name="beds3" time="3.004" classname="pkg1.Exercise1"/>
  <testcase name="adCount" time="40.638" classname="pkg1.Exercise1"/>
</testsuite> <!-- pkg1.Exercise1 -->
