<?xml version="1.0" encoding="UTF-8"?>
<!-- Generated by org.testng.reporters.JUnitReportReporter -->
<testsuite skipped="0" hostname="KKSS" name="pkg1.Testfile1" tests="3" failures="0" timestamp="10 Jul 2018 11:03:00 GMT" time="15.164" errors="0">
  <testcase name="kscus1" time="10.016" classname="pkg1.Testfile1"/>
  <testcase name="verifyHomepageTitle" time="5.148" classname="pkg1.Testfile1"/>
  <testcase name="T3" time="0.000" classname="pkg1.Testfile1"/>
</testsuite> <!-- pkg1.Testfile1 -->
